modules/usage-stats/android/build/intermediates/manifest_merge_blame_file/debug/processDebugManifest/manifest-merger-blame-debug-report.txt
1<?xml version="1.0" encoding="utf-8"?>
2<manifest xmlns:android="http://schemas.android.com/apk/res/android"
3    package="expo.modules.usagestats" >
4
5    <uses-sdk android:minSdkVersion="24" />
6
7    <uses-permission android:name="android.permission.PACKAGE_USAGE_STATS" />
7-->src\main\AndroidManifest.xml:3:3-76
7-->src\main\AndroidManifest.xml:3:20-73
8
9    <queries>
9-->src\main\AndroidManifest.xml:5:5-10:15
10        <intent>
10-->src\main\AndroidManifest.xml:6:9-9:18
11            <action android:name="android.intent.action.MAIN" />
11-->src\main\AndroidManifest.xml:7:13-65
11-->src\main\AndroidManifest.xml:7:21-62
12
13            <category android:name="android.intent.category.LAUNCHER" />
13-->src\main\AndroidManifest.xml:8:13-73
13-->src\main\AndroidManifest.xml:8:23-70
14        </intent>
15    </queries>
16
17    <application>
17-->src\main\AndroidManifest.xml:12:3-13:19
18    </application>
19
20</manifest>